{"C:\\Users\\brikumar3\\Desktop\\Project\\TraningTask\\.eslintrc.js": {"path":"C:\\Users\\brikumar3\\Desktop\\Project\\TraningTask\\.eslintrc.js","statementMap":{"0":{"start":{"line":1,"column":0},"end":{"line":4,"column":2}}},"fnMap":{},"branchMap":{},"s":{"0":0},"f":{},"b":{}}
,"C:\\Users\\brikumar3\\Desktop\\Project\\TraningTask\\.prettierrc.js": {"path":"C:\\Users\\brikumar3\\Desktop\\Project\\TraningTask\\.prettierrc.js","statementMap":{"0":{"start":{"line":1,"column":0},"end":{"line":7,"column":2}}},"fnMap":{},"branchMap":{},"s":{"0":0},"f":{},"b":{}}
,"C:\\Users\\brikumar3\\Desktop\\Project\\TraningTask\\App.js": {"path":"C:\\Users\\brikumar3\\Desktop\\Project\\TraningTask\\App.js","statementMap":{"0":{"start":{"line":7,"column":14},"end":{"line":7,"column":42}},"1":{"start":{"line":10,"column":2},"end":{"line":26,"column":4}}},"fnMap":{"0":{"name":"App","decl":{"start":{"line":9,"column":9},"end":{"line":9,"column":12}},"loc":{"start":{"line":9,"column":15},"end":{"line":27,"column":1}},"line":9}},"branchMap":{},"s":{"0":0,"1":0},"f":{"0":0},"b":{}}
,"C:\\Users\\brikumar3\\Desktop\\Project\\TraningTask\\index.js": {"path":"C:\\Users\\brikumar3\\Desktop\\Project\\TraningTask\\index.js","statementMap":{"0":{"start":{"line":9,"column":0},"end":{"line":9,"column":50}},"1":{"start":{"line":9,"column":45},"end":{"line":9,"column":48}}},"fnMap":{"0":{"name":"(anonymous_0)","decl":{"start":{"line":9,"column":39},"end":{"line":9,"column":40}},"loc":{"start":{"line":9,"column":45},"end":{"line":9,"column":48}},"line":9}},"branchMap":{},"s":{"0":0,"1":0},"f":{"0":0},"b":{}}
,"C:\\Users\\brikumar3\\Desktop\\Project\\TraningTask\\metro.config.js": {"path":"C:\\Users\\brikumar3\\Desktop\\Project\\TraningTask\\metro.config.js","statementMap":{"0":{"start":{"line":8,"column":0},"end":{"line":17,"column":2}},"1":{"start":{"line":10,"column":38},"end":{"line":15,"column":5}}},"fnMap":{"0":{"name":"(anonymous_0)","decl":{"start":{"line":10,"column":25},"end":{"line":10,"column":26}},"loc":{"start":{"line":10,"column":38},"end":{"line":15,"column":5}},"line":10}},"branchMap":{},"s":{"0":0,"1":0},"f":{"0":0},"b":{}}
,"C:\\Users\\brikumar3\\Desktop\\Project\\TraningTask\\src\\api\\Action.js": {"path":"C:\\Users\\brikumar3\\Desktop\\Project\\TraningTask\\src\\api\\Action.js","statementMap":{"0":{"start":{"line":3,"column":28},"end":{"line":6,"column":2}},"1":{"start":{"line":3,"column":37},"end":{"line":6,"column":1}},"2":{"start":{"line":8,"column":26},"end":{"line":11,"column":2}},"3":{"start":{"line":8,"column":36},"end":{"line":11,"column":1}}},"fnMap":{"0":{"name":"(anonymous_0)","decl":{"start":{"line":3,"column":28},"end":{"line":3,"column":29}},"loc":{"start":{"line":3,"column":37},"end":{"line":6,"column":1}},"line":3},"1":{"name":"(anonymous_1)","decl":{"start":{"line":8,"column":26},"end":{"line":8,"column":27}},"loc":{"start":{"line":8,"column":36},"end":{"line":11,"column":1}},"line":8}},"branchMap":{},"s":{"0":1,"1":0,"2":1,"3":0},"f":{"0":0,"1":0},"b":{},"_coverageSchema":"1a1c01bbd47fc00a2c39e90264f33305004495a9","hash":"ac1d7aa314180d80bdb64ac43a180ec30ffac98a"}
,"C:\\Users\\brikumar3\\Desktop\\Project\\TraningTask\\src\\api\\ActionCreator.js": {"path":"C:\\Users\\brikumar3\\Desktop\\Project\\TraningTask\\src\\api\\ActionCreator.js","statementMap":{"0":{"start":{"line":5,"column":22},"end":{"line":18,"column":1}},"1":{"start":{"line":5,"column":29},"end":{"line":18,"column":1}},"2":{"start":{"line":6,"column":2},"end":{"line":17,"column":5}},"3":{"start":{"line":7,"column":4},"end":{"line":16,"column":9}},"4":{"start":{"line":10,"column":23},"end":{"line":10,"column":53}},"5":{"start":{"line":11,"column":8},"end":{"line":11,"column":41}},"6":{"start":{"line":12,"column":8},"end":{"line":12,"column":54}},"7":{"start":{"line":15,"column":8},"end":{"line":15,"column":36}},"8":{"start":{"line":19,"column":25},"end":{"line":34,"column":1}},"9":{"start":{"line":20,"column":17},"end":{"line":20,"column":19}},"10":{"start":{"line":21,"column":2},"end":{"line":32,"column":13}},"11":{"start":{"line":21,"column":12},"end":{"line":21,"column":13}},"12":{"start":{"line":23,"column":34},"end":{"line":23,"column":59}},"13":{"start":{"line":24,"column":16},"end":{"line":31,"column":17}},"14":{"start":{"line":25,"column":18},"end":{"line":25,"column":41}},"15":{"start":{"line":27,"column":32},"end":{"line":27,"column":77}},"16":{"start":{"line":28,"column":18},"end":{"line":30,"column":19}},"17":{"start":{"line":29,"column":22},"end":{"line":29,"column":45}},"18":{"start":{"line":33,"column":4},"end":{"line":33,"column":20}}},"fnMap":{"0":{"name":"(anonymous_0)","decl":{"start":{"line":5,"column":22},"end":{"line":5,"column":23}},"loc":{"start":{"line":5,"column":29},"end":{"line":18,"column":1}},"line":5},"1":{"name":"(anonymous_1)","decl":{"start":{"line":5,"column":29},"end":{"line":5,"column":30}},"loc":{"start":{"line":5,"column":41},"end":{"line":18,"column":1}},"line":5},"2":{"name":"(anonymous_2)","decl":{"start":{"line":6,"column":21},"end":{"line":6,"column":22}},"loc":{"start":{"line":6,"column":27},"end":{"line":17,"column":3}},"line":6},"3":{"name":"(anonymous_3)","decl":{"start":{"line":9,"column":12},"end":{"line":9,"column":13}},"loc":{"start":{"line":9,"column":24},"end":{"line":13,"column":7}},"line":9},"4":{"name":"(anonymous_4)","decl":{"start":{"line":14,"column":13},"end":{"line":14,"column":14}},"loc":{"start":{"line":14,"column":22},"end":{"line":16,"column":7}},"line":14},"5":{"name":"(anonymous_5)","decl":{"start":{"line":19,"column":25},"end":{"line":19,"column":26}},"loc":{"start":{"line":19,"column":33},"end":{"line":34,"column":1}},"line":19}},"branchMap":{"0":{"loc":{"start":{"line":24,"column":16},"end":{"line":31,"column":17}},"type":"if","locations":[{"start":{"line":24,"column":16},"end":{"line":31,"column":17}},{"start":{"line":26,"column":21},"end":{"line":31,"column":17}}],"line":24},"1":{"loc":{"start":{"line":28,"column":18},"end":{"line":30,"column":19}},"type":"if","locations":[{"start":{"line":28,"column":18},"end":{"line":30,"column":19}},{"start":{},"end":{}}],"line":28}},"s":{"0":1,"1":1,"2":0,"3":0,"4":0,"5":0,"6":0,"7":0,"8":1,"9":1,"10":1,"11":1,"12":2,"13":2,"14":1,"15":1,"16":1,"17":1,"18":1},"f":{"0":1,"1":0,"2":0,"3":0,"4":0,"5":1},"b":{"0":[1,1],"1":[1,0]},"_coverageSchema":"1a1c01bbd47fc00a2c39e90264f33305004495a9","hash":"e59e0af99417f2822b7598b455e19ab05d24c797"}
,"C:\\Users\\brikumar3\\Desktop\\Project\\TraningTask\\src\\api\\ActionTypes.js": {"path":"C:\\Users\\brikumar3\\Desktop\\Project\\TraningTask\\src\\api\\ActionTypes.js","statementMap":{"0":{"start":{"line":1,"column":21},"end":{"line":5,"column":3}}},"fnMap":{},"branchMap":{},"s":{"0":1},"f":{},"b":{},"_coverageSchema":"1a1c01bbd47fc00a2c39e90264f33305004495a9","hash":"f2e2c7284ba7526c10e702971b4a869cfc85707d"}
,"C:\\Users\\brikumar3\\Desktop\\Project\\TraningTask\\src\\api\\Reducer.js": {"path":"C:\\Users\\brikumar3\\Desktop\\Project\\TraningTask\\src\\api\\Reducer.js","statementMap":{"0":{"start":{"line":3,"column":21},"end":{"line":6,"column":1}},"1":{"start":{"line":8,"column":19},"end":{"line":23,"column":1}},"2":{"start":{"line":9,"column":2},"end":{"line":22,"column":3}},"3":{"start":{"line":11,"column":6},"end":{"line":14,"column":8}},"4":{"start":{"line":16,"column":6},"end":{"line":19,"column":8}},"5":{"start":{"line":21,"column":6},"end":{"line":21,"column":19}}},"fnMap":{"0":{"name":"(anonymous_0)","decl":{"start":{"line":8,"column":19},"end":{"line":8,"column":20}},"loc":{"start":{"line":8,"column":53},"end":{"line":23,"column":1}},"line":8}},"branchMap":{"0":{"loc":{"start":{"line":8,"column":20},"end":{"line":8,"column":40}},"type":"default-arg","locations":[{"start":{"line":8,"column":28},"end":{"line":8,"column":40}}],"line":8},"1":{"loc":{"start":{"line":9,"column":2},"end":{"line":22,"column":3}},"type":"switch","locations":[{"start":{"line":10,"column":4},"end":{"line":14,"column":8}},{"start":{"line":15,"column":4},"end":{"line":19,"column":8}},{"start":{"line":20,"column":4},"end":{"line":21,"column":19}}],"line":9}},"s":{"0":1,"1":1,"2":3,"3":1,"4":1,"5":1},"f":{"0":3},"b":{"0":[0],"1":[1,1,1]},"_coverageSchema":"1a1c01bbd47fc00a2c39e90264f33305004495a9","hash":"d7a8e9235a97c39d4a5ab10f4a3447565e3f0b1a"}
,"C:\\Users\\brikumar3\\Desktop\\Project\\TraningTask\\src\\api\\Store.js": {"path":"C:\\Users\\brikumar3\\Desktop\\Project\\TraningTask\\src\\api\\Store.js","statementMap":{"0":{"start":{"line":6,"column":20},"end":{"line":8,"column":2}},"1":{"start":{"line":10,"column":20},"end":{"line":10,"column":65}},"2":{"start":{"line":10,"column":39},"end":{"line":10,"column":65}},"3":{"start":{"line":12,"column":15},"end":{"line":12,"column":29}},"4":{"start":{"line":14,"column":17},"end":{"line":14,"column":19}},"5":{"start":{"line":15,"column":0},"end":{"line":15,"column":44}}},"fnMap":{"0":{"name":"(anonymous_0)","decl":{"start":{"line":10,"column":20},"end":{"line":10,"column":21}},"loc":{"start":{"line":10,"column":39},"end":{"line":10,"column":65}},"line":10}},"branchMap":{},"s":{"0":0,"1":0,"2":0,"3":0,"4":0,"5":0},"f":{"0":0},"b":{}}
,"C:\\Users\\brikumar3\\Desktop\\Project\\TraningTask\\src\\asyncStorage\\localStorage.js": {"path":"C:\\Users\\brikumar3\\Desktop\\Project\\TraningTask\\src\\asyncStorage\\localStorage.js","statementMap":{"0":{"start":{"line":3,"column":23},"end":{"line":10,"column":1}},"1":{"start":{"line":4,"column":4},"end":{"line":9,"column":5}},"2":{"start":{"line":5,"column":22},"end":{"line":5,"column":54}},"3":{"start":{"line":6,"column":8},"end":{"line":6,"column":33}},"4":{"start":{"line":12,"column":23},"end":{"line":19,"column":1}},"5":{"start":{"line":13,"column":4},"end":{"line":18,"column":5}},"6":{"start":{"line":14,"column":8},"end":{"line":14,"column":64}}},"fnMap":{"0":{"name":"(anonymous_0)","decl":{"start":{"line":3,"column":23},"end":{"line":3,"column":24}},"loc":{"start":{"line":3,"column":38},"end":{"line":10,"column":1}},"line":3},"1":{"name":"(anonymous_1)","decl":{"start":{"line":12,"column":23},"end":{"line":12,"column":24}},"loc":{"start":{"line":12,"column":42},"end":{"line":19,"column":1}},"line":12}},"branchMap":{},"s":{"0":1,"1":4,"2":4,"3":4,"4":1,"5":1,"6":1},"f":{"0":4,"1":1},"b":{},"_coverageSchema":"1a1c01bbd47fc00a2c39e90264f33305004495a9","hash":"b1006950a7fbf4716005df0d7426f7a2f1f3b3ec"}
,"C:\\Users\\brikumar3\\Desktop\\Project\\TraningTask\\src\\components\\CardView.js": {"path":"C:\\Users\\brikumar3\\Desktop\\Project\\TraningTask\\src\\components\\CardView.js","statementMap":{"0":{"start":{"line":4,"column":17},"end":{"line":31,"column":1}},"1":{"start":{"line":5,"column":4},"end":{"line":30,"column":13}},"2":{"start":{"line":35,"column":15},"end":{"line":52,"column":2}}},"fnMap":{"0":{"name":"(anonymous_0)","decl":{"start":{"line":4,"column":17},"end":{"line":4,"column":18}},"loc":{"start":{"line":4,"column":27},"end":{"line":31,"column":1}},"line":4}},"branchMap":{},"s":{"0":1,"1":5,"2":1},"f":{"0":5},"b":{},"_coverageSchema":"1a1c01bbd47fc00a2c39e90264f33305004495a9","hash":"f0bab66d6888a77628c93267c805440a3fff4352"}
,"C:\\Users\\brikumar3\\Desktop\\Project\\TraningTask\\src\\components\\SearchBar.js": {"path":"C:\\Users\\brikumar3\\Desktop\\Project\\TraningTask\\src\\components\\SearchBar.js","statementMap":{"0":{"start":{"line":4,"column":18},"end":{"line":26,"column":1}},"1":{"start":{"line":5,"column":4},"end":{"line":25,"column":13}},"2":{"start":{"line":15,"column":39},"end":{"line":15,"column":60}},"3":{"start":{"line":19,"column":62},"end":{"line":19,"column":80}},"4":{"start":{"line":28,"column":15},"end":{"line":37,"column":2}}},"fnMap":{"0":{"name":"(anonymous_0)","decl":{"start":{"line":4,"column":18},"end":{"line":4,"column":19}},"loc":{"start":{"line":4,"column":58},"end":{"line":26,"column":1}},"line":4},"1":{"name":"(anonymous_1)","decl":{"start":{"line":15,"column":30},"end":{"line":15,"column":31}},"loc":{"start":{"line":15,"column":39},"end":{"line":15,"column":60}},"line":15},"2":{"name":"(anonymous_2)","decl":{"start":{"line":19,"column":57},"end":{"line":19,"column":58}},"loc":{"start":{"line":19,"column":61},"end":{"line":19,"column":81}},"line":19}},"branchMap":{},"s":{"0":1,"1":5,"2":2,"3":2,"4":1},"f":{"0":5,"1":2,"2":2},"b":{},"_coverageSchema":"1a1c01bbd47fc00a2c39e90264f33305004495a9","hash":"3cdd8b0acf12e381ae51c81c18225402918b332b"}
,"C:\\Users\\brikumar3\\Desktop\\Project\\TraningTask\\src\\constant\\Constant.js": {"path":"C:\\Users\\brikumar3\\Desktop\\Project\\TraningTask\\src\\constant\\Constant.js","statementMap":{},"fnMap":{},"branchMap":{},"s":{},"f":{},"b":{},"_coverageSchema":"1a1c01bbd47fc00a2c39e90264f33305004495a9","hash":"3d9a70435b32dde47839127431cdd30e8cf01557"}
,"C:\\Users\\brikumar3\\Desktop\\Project\\TraningTask\\src\\screens\\SearchScreen.js": {"path":"C:\\Users\\brikumar3\\Desktop\\Project\\TraningTask\\src\\screens\\SearchScreen.js","statementMap":{"0":{"start":{"line":11,"column":21},"end":{"line":59,"column":3}},"1":{"start":{"line":12,"column":26},"end":{"line":12,"column":38}},"2":{"start":{"line":13,"column":26},"end":{"line":13,"column":38}},"3":{"start":{"line":15,"column":4},"end":{"line":24,"column":10}},"4":{"start":{"line":16,"column":24},"end":{"line":22,"column":7}},"5":{"start":{"line":17,"column":28},"end":{"line":17,"column":54}},"6":{"start":{"line":18,"column":26},"end":{"line":18,"column":49}},"7":{"start":{"line":19,"column":8},"end":{"line":21,"column":9}},"8":{"start":{"line":20,"column":10},"end":{"line":20,"column":29}},"9":{"start":{"line":23,"column":6},"end":{"line":23,"column":18}},"10":{"start":{"line":26,"column":21},"end":{"line":33,"column":5}},"11":{"start":{"line":27,"column":6},"end":{"line":32,"column":7}},"12":{"start":{"line":28,"column":20},"end":{"line":29,"column":62}},"13":{"start":{"line":31,"column":8},"end":{"line":31,"column":45}},"14":{"start":{"line":34,"column":4},"end":{"line":58,"column":8}},"15":{"start":{"line":39,"column":30},"end":{"line":39,"column":45}},"16":{"start":{"line":45,"column":14},"end":{"line":45,"column":37}},"17":{"start":{"line":47,"column":43},"end":{"line":47,"column":59}},"18":{"start":{"line":53,"column":16},"end":{"line":53,"column":56}},"19":{"start":{"line":54,"column":45},"end":{"line":54,"column":61}},"20":{"start":{"line":61,"column":29},"end":{"line":63,"column":4}},"21":{"start":{"line":61,"column":42},"end":{"line":63,"column":3}},"22":{"start":{"line":62,"column":20},"end":{"line":62,"column":42}},"23":{"start":{"line":65,"column":26},"end":{"line":68,"column":4}},"24":{"start":{"line":65,"column":36},"end":{"line":68,"column":3}}},"fnMap":{"0":{"name":"(anonymous_0)","decl":{"start":{"line":11,"column":21},"end":{"line":11,"column":22}},"loc":{"start":{"line":11,"column":33},"end":{"line":59,"column":3}},"line":11},"1":{"name":"(anonymous_1)","decl":{"start":{"line":15,"column":14},"end":{"line":15,"column":15}},"loc":{"start":{"line":15,"column":20},"end":{"line":24,"column":5}},"line":15},"2":{"name":"(anonymous_2)","decl":{"start":{"line":16,"column":24},"end":{"line":16,"column":25}},"loc":{"start":{"line":16,"column":35},"end":{"line":22,"column":7}},"line":16},"3":{"name":"(anonymous_3)","decl":{"start":{"line":26,"column":21},"end":{"line":26,"column":22}},"loc":{"start":{"line":26,"column":35},"end":{"line":33,"column":5}},"line":26},"4":{"name":"(anonymous_4)","decl":{"start":{"line":39,"column":26},"end":{"line":39,"column":27}},"loc":{"start":{"line":39,"column":30},"end":{"line":39,"column":45}},"line":39},"5":{"name":"(anonymous_5)","decl":{"start":{"line":44,"column":24},"end":{"line":44,"column":25}},"loc":{"start":{"line":45,"column":14},"end":{"line":45,"column":37}},"line":45},"6":{"name":"(anonymous_6)","decl":{"start":{"line":47,"column":26},"end":{"line":47,"column":27}},"loc":{"start":{"line":47,"column":43},"end":{"line":47,"column":59}},"line":47},"7":{"name":"(anonymous_7)","decl":{"start":{"line":52,"column":26},"end":{"line":52,"column":27}},"loc":{"start":{"line":53,"column":16},"end":{"line":53,"column":56}},"line":53},"8":{"name":"(anonymous_8)","decl":{"start":{"line":54,"column":28},"end":{"line":54,"column":29}},"loc":{"start":{"line":54,"column":45},"end":{"line":54,"column":61}},"line":54},"9":{"name":"(anonymous_9)","decl":{"start":{"line":61,"column":29},"end":{"line":61,"column":30}},"loc":{"start":{"line":61,"column":42},"end":{"line":63,"column":3}},"line":61},"10":{"name":"(anonymous_10)","decl":{"start":{"line":62,"column":13},"end":{"line":62,"column":14}},"loc":{"start":{"line":62,"column":20},"end":{"line":62,"column":42}},"line":62},"11":{"name":"(anonymous_11)","decl":{"start":{"line":65,"column":26},"end":{"line":65,"column":27}},"loc":{"start":{"line":65,"column":36},"end":{"line":68,"column":3}},"line":65}},"branchMap":{"0":{"loc":{"start":{"line":19,"column":8},"end":{"line":21,"column":9}},"type":"if","locations":[{"start":{"line":19,"column":8},"end":{"line":21,"column":9}},{"start":{},"end":{}}],"line":19},"1":{"loc":{"start":{"line":27,"column":6},"end":{"line":32,"column":7}},"type":"if","locations":[{"start":{"line":27,"column":6},"end":{"line":32,"column":7}},{"start":{"line":30,"column":11},"end":{"line":32,"column":7}}],"line":27},"2":{"loc":{"start":{"line":42,"column":12},"end":{"line":55,"column":14}},"type":"cond-expr","locations":[{"start":{"line":42,"column":24},"end":{"line":48,"column":12}},{"start":{"line":49,"column":10},"end":{"line":55,"column":14}}],"line":42}},"s":{"0":1,"1":5,"2":5,"3":5,"4":3,"5":3,"6":3,"7":3,"8":0,"9":3,"10":5,"11":2,"12":1,"13":1,"14":5,"15":2,"16":5,"17":5,"18":0,"19":0,"20":1,"21":3,"22":1,"23":1,"24":3},"f":{"0":5,"1":3,"2":3,"3":2,"4":2,"5":5,"6":5,"7":0,"8":0,"9":3,"10":1,"11":3},"b":{"0":[0,3],"1":[1,1],"2":[5,0]},"_coverageSchema":"1a1c01bbd47fc00a2c39e90264f33305004495a9","hash":"838e18566d038ab744cda7951233f75ef3884034"}
}
