TN:
SF:.eslintrc.js
FNF:0
FNH:0
DA:1,0
LF:1
LH:0
BRF:0
BRH:0
end_of_record
TN:
SF:.prettierrc.js
FNF:0
FNH:0
DA:1,0
LF:1
LH:0
BRF:0
BRH:0
end_of_record
TN:
SF:App.js
FN:9,App
FNF:1
FNH:0
FNDA:0,App
DA:7,0
DA:10,0
LF:2
LH:0
BRF:0
BRH:0
end_of_record
TN:
SF:index.js
FN:9,(anonymous_0)
FNF:1
FNH:0
FNDA:0,(anonymous_0)
DA:9,0
LF:1
LH:0
BRF:0
BRH:0
end_of_record
TN:
SF:metro.config.js
FN:10,(anonymous_0)
FNF:1
FNH:0
FNDA:0,(anonymous_0)
DA:8,0
DA:10,0
LF:2
LH:0
BRF:0
BRH:0
end_of_record
TN:
SF:src\api\Action.js
FN:3,(anonymous_0)
FN:8,(anonymous_1)
FNF:2
FNH:0
FNDA:0,(anonymous_0)
FNDA:0,(anonymous_1)
DA:3,1
DA:8,1
LF:2
LH:2
BRF:0
BRH:0
end_of_record
TN:
SF:src\api\ActionCreator.js
FN:5,(anonymous_0)
FN:5,(anonymous_1)
FN:6,(anonymous_2)
FN:9,(anonymous_3)
FN:14,(anonymous_4)
FN:19,(anonymous_5)
FNF:6
FNH:2
FNDA:1,(anonymous_0)
FNDA:0,(anonymous_1)
FNDA:0,(anonymous_2)
FNDA:0,(anonymous_3)
FNDA:0,(anonymous_4)
FNDA:1,(anonymous_5)
DA:5,1
DA:6,0
DA:7,0
DA:10,0
DA:11,0
DA:12,0
DA:15,0
DA:19,1
DA:20,1
DA:21,1
DA:23,2
DA:24,2
DA:25,1
DA:27,1
DA:28,1
DA:29,1
DA:33,1
LF:17
LH:11
BRDA:24,0,0,1
BRDA:24,0,1,1
BRDA:28,1,0,1
BRDA:28,1,1,0
BRF:4
BRH:3
end_of_record
TN:
SF:src\api\ActionTypes.js
FNF:0
FNH:0
DA:1,1
LF:1
LH:1
BRF:0
BRH:0
end_of_record
TN:
SF:src\api\Reducer.js
FN:8,(anonymous_0)
FNF:1
FNH:1
FNDA:3,(anonymous_0)
DA:3,1
DA:8,1
DA:9,3
DA:11,1
DA:16,1
DA:21,1
LF:6
LH:6
BRDA:8,0,0,0
BRDA:9,1,0,1
BRDA:9,1,1,1
BRDA:9,1,2,1
BRF:4
BRH:3
end_of_record
TN:
SF:src\api\Store.js
FN:10,(anonymous_0)
FNF:1
FNH:0
FNDA:0,(anonymous_0)
DA:6,0
DA:10,0
DA:12,0
DA:14,0
DA:15,0
LF:5
LH:0
BRF:0
BRH:0
end_of_record
TN:
SF:src\asyncStorage\localStorage.js
FN:3,(anonymous_0)
FN:12,(anonymous_1)
FNF:2
FNH:2
FNDA:4,(anonymous_0)
FNDA:1,(anonymous_1)
DA:3,1
DA:4,4
DA:5,4
DA:6,4
DA:12,1
DA:13,1
DA:14,1
LF:7
LH:7
BRF:0
BRH:0
end_of_record
TN:
SF:src\components\CardView.js
FN:4,(anonymous_0)
FNF:1
FNH:1
FNDA:5,(anonymous_0)
DA:4,1
DA:5,5
DA:35,1
LF:3
LH:3
BRF:0
BRH:0
end_of_record
TN:
SF:src\components\SearchBar.js
FN:4,(anonymous_0)
FN:15,(anonymous_1)
FN:19,(anonymous_2)
FNF:3
FNH:3
FNDA:5,(anonymous_0)
FNDA:2,(anonymous_1)
FNDA:2,(anonymous_2)
DA:4,1
DA:5,5
DA:15,2
DA:19,2
DA:28,1
LF:5
LH:5
BRF:0
BRH:0
end_of_record
TN:
SF:src\constant\Constant.js
FNF:0
FNH:0
LF:0
LH:0
BRF:0
BRH:0
end_of_record
TN:
SF:src\screens\SearchScreen.js
FN:11,(anonymous_0)
FN:15,(anonymous_1)
FN:16,(anonymous_2)
FN:26,(anonymous_3)
FN:39,(anonymous_4)
FN:44,(anonymous_5)
FN:47,(anonymous_6)
FN:52,(anonymous_7)
FN:54,(anonymous_8)
FN:61,(anonymous_9)
FN:62,(anonymous_10)
FN:65,(anonymous_11)
FNF:12
FNH:10
FNDA:5,(anonymous_0)
FNDA:3,(anonymous_1)
FNDA:3,(anonymous_2)
FNDA:2,(anonymous_3)
FNDA:2,(anonymous_4)
FNDA:5,(anonymous_5)
FNDA:5,(anonymous_6)
FNDA:0,(anonymous_7)
FNDA:0,(anonymous_8)
FNDA:3,(anonymous_9)
FNDA:1,(anonymous_10)
FNDA:3,(anonymous_11)
DA:11,1
DA:12,5
DA:13,5
DA:15,5
DA:16,3
DA:17,3
DA:18,3
DA:19,3
DA:20,0
DA:23,3
DA:26,5
DA:27,2
DA:28,1
DA:31,1
DA:34,5
DA:39,2
DA:45,5
DA:47,5
DA:53,0
DA:54,0
DA:61,3
DA:62,1
DA:65,3
LF:23
LH:20
BRDA:19,0,0,0
BRDA:19,0,1,3
BRDA:27,1,0,1
BRDA:27,1,1,1
BRDA:42,2,0,5
BRDA:42,2,1,0
BRF:6
BRH:4
end_of_record
